C:\USERS\SHANMUGAM\DESKTOP\BACKUPV731.2\RELEASE\VS11 PROJECT V1.0.PCH
C:\USERS\SHANMUGAM\DESKTOP\BACKUPV731.2\RELEASE\STDAFX.OBJ
C:\USERS\SHANMUGAM\DESKTOP\BACKUPV731.2\RELEASE\VC110.PDB
C:\USERS\SHANMUGAM\DESKTOP\BACKUPV731.2\RELEASE\WORLDPOINT.OBJ
C:\USERS\SHANMUGAM\DESKTOP\BACKUPV731.2\RELEASE\MODEL.OBJ
C:\USERS\SHANMUGAM\DESKTOP\BACKUPV731.2\RELEASE\KINECTPROJECT.OBJ
C:\USERS\SHANMUGAM\DESKTOP\BACKUPV731.2\RELEASE\IMAGEPROCESSOR.OBJ
C:\USERS\SHANMUGAM\DESKTOP\BACKUPV731.2\RELEASE\HASHFUNCTIONS.OBJ
C:\USERS\SHANMUGAM\DESKTOP\BACKUPV731.2\RELEASE\GEOM.OBJ
C:\USERS\SHANMUGAM\DESKTOP\BACKUPV731.2\RELEASE\FRAME.OBJ
C:\USERS\SHANMUGAM\DESKTOP\BACKUPV731.2\RELEASE\FILEIO.OBJ
C:\USERS\SHANMUGAM\DESKTOP\BACKUPV731.2\RELEASE\VS11 PROJECT V1.0.EXE
C:\USERS\SHANMUGAM\DESKTOP\BACKUPV731.2\RELEASE\VS11 PROJECT V1.0.PDB
C:\Users\shanmugam\Desktop\BackupV731.2\Release\FileIO.obj
C:\Users\shanmugam\Desktop\BackupV731.2\Release\Frame.obj
C:\Users\shanmugam\Desktop\BackupV731.2\Release\Geom.obj
C:\Users\shanmugam\Desktop\BackupV731.2\Release\HashFunctions.obj
C:\Users\shanmugam\Desktop\BackupV731.2\Release\ImageProcessor.obj
C:\Users\shanmugam\Desktop\BackupV731.2\Release\KinectProject.obj
C:\Users\shanmugam\Desktop\BackupV731.2\Release\model.obj
C:\Users\shanmugam\Desktop\BackupV731.2\Release\stdafx.obj
C:\Users\shanmugam\Desktop\BackupV731.2\Release\WorldPoint.obj
C:\Users\shanmugam\Desktop\BackupV731.2\Release\cl.command.1.tlog
C:\Users\shanmugam\Desktop\BackupV731.2\Release\CL.read.1.tlog
C:\Users\shanmugam\Desktop\BackupV731.2\Release\CL.write.1.tlog
C:\Users\shanmugam\Desktop\BackupV731.2\Release\link-cvtres.read.1.tlog
C:\Users\shanmugam\Desktop\BackupV731.2\Release\link-cvtres.write.1.tlog
C:\Users\shanmugam\Desktop\BackupV731.2\Release\link-rc.read.1.tlog
C:\Users\shanmugam\Desktop\BackupV731.2\Release\link-rc.write.1.tlog
C:\Users\shanmugam\Desktop\BackupV731.2\Release\link.command.1.tlog
C:\Users\shanmugam\Desktop\BackupV731.2\Release\link.read.1.tlog
C:\Users\shanmugam\Desktop\BackupV731.2\Release\link.write.1.tlog
C:\Users\shanmugam\Desktop\BackupV731.2\Release\VS11 Project v1.0.pch
C:\Users\shanmugam\Desktop\BackupV731.2\Release\vc110.pdb
C:\Users\shanmugam\Desktop\BackupV731.2\Release\VS11 Project v1.0.pdb
C:\Users\shanmugam\Desktop\BackupV731.2\Release\VS11 Project v1.0.exe
